ARM GAS  C:\Users\Alex\AppData\Local\Temp\ccVb5Lrs.s 			page 1


   1              		.cpu cortex-m3
   2              		.eabi_attribute 20, 1
   3              		.eabi_attribute 21, 1
   4              		.eabi_attribute 23, 3
   5              		.eabi_attribute 24, 1
   6              		.eabi_attribute 25, 1
   7              		.eabi_attribute 26, 1
   8              		.eabi_attribute 30, 6
   9              		.eabi_attribute 34, 1
  10              		.eabi_attribute 18, 4
  11              		.file	"sys.c"
  12              		.text
  13              	.Ltext0:
  14              		.cfi_sections	.debug_frame
  15              		.section	.text.MX_SYS_Init,"ax",%progbits
  16              		.align	1
  17              		.global	MX_SYS_Init
  18              		.arch armv7-m
  19              		.syntax unified
  20              		.thumb
  21              		.thumb_func
  22              		.fpu softvfp
  24              	MX_SYS_Init:
  25              	.LFB65:
  26              		.file 1 "Src/sys.c"
   1:Src/sys.c     **** /**
   2:Src/sys.c     ****   ******************************************************************************
   3:Src/sys.c     ****   * File Name          : SYS.c
   4:Src/sys.c     ****   * Description        : This file provides code for the configuration
   5:Src/sys.c     ****   *                      of the SYS instances.
   6:Src/sys.c     ****   ******************************************************************************
   7:Src/sys.c     ****   * @attention
   8:Src/sys.c     ****   *
   9:Src/sys.c     ****   * <h2><center>&copy; Copyright (c) 2020 STMicroelectronics.
  10:Src/sys.c     ****   * All rights reserved.</center></h2>
  11:Src/sys.c     ****   *
  12:Src/sys.c     ****   * This software component is licensed by ST under BSD 3-Clause license,
  13:Src/sys.c     ****   * the "License"; You may not use this file except in compliance with the
  14:Src/sys.c     ****   * License. You may obtain a copy of the License at:
  15:Src/sys.c     ****   *                        opensource.org/licenses/BSD-3-Clause
  16:Src/sys.c     ****   *
  17:Src/sys.c     ****   ******************************************************************************
  18:Src/sys.c     ****   */
  19:Src/sys.c     **** 
  20:Src/sys.c     **** /* Includes ------------------------------------------------------------------*/
  21:Src/sys.c     **** #include "sys.h"
  22:Src/sys.c     **** 
  23:Src/sys.c     **** /* USER CODE BEGIN 0 */
  24:Src/sys.c     **** 
  25:Src/sys.c     **** /* USER CODE END 0 */
  26:Src/sys.c     **** 
  27:Src/sys.c     **** /* SYS init function */
  28:Src/sys.c     **** void MX_SYS_Init(void)
  29:Src/sys.c     **** {
  27              		.loc 1 29 1
  28              		.cfi_startproc
  29              		@ args = 0, pretend = 0, frame = 8
ARM GAS  C:\Users\Alex\AppData\Local\Temp\ccVb5Lrs.s 			page 2


  30              		@ frame_needed = 1, uses_anonymous_args = 0
  31              		@ link register save eliminated.
  32 0000 80B4     		push	{r7}
  33              	.LCFI0:
  34              		.cfi_def_cfa_offset 4
  35              		.cfi_offset 7, -4
  36 0002 83B0     		sub	sp, sp, #12
  37              	.LCFI1:
  38              		.cfi_def_cfa_offset 16
  39 0004 00AF     		add	r7, sp, #0
  40              	.LCFI2:
  41              		.cfi_def_cfa_register 7
  42              	.LBB2:
  30:Src/sys.c     **** 
  31:Src/sys.c     ****   /** NOJTAG: JTAG-DP Disabled and SW-DP Enabled 
  32:Src/sys.c     ****   */
  33:Src/sys.c     ****   __HAL_AFIO_REMAP_SWJ_NOJTAG();
  43              		.loc 1 33 3
  44 0006 094B     		ldr	r3, .L2
  45 0008 5B68     		ldr	r3, [r3, #4]
  46 000a 7B60     		str	r3, [r7, #4]
  47 000c 7B68     		ldr	r3, [r7, #4]
  48 000e 23F0E063 		bic	r3, r3, #117440512
  49 0012 7B60     		str	r3, [r7, #4]
  50 0014 7B68     		ldr	r3, [r7, #4]
  51 0016 43F00073 		orr	r3, r3, #33554432
  52 001a 7B60     		str	r3, [r7, #4]
  53 001c 034A     		ldr	r2, .L2
  54 001e 7B68     		ldr	r3, [r7, #4]
  55 0020 5360     		str	r3, [r2, #4]
  56              	.LBE2:
  34:Src/sys.c     **** 
  35:Src/sys.c     **** }
  57              		.loc 1 35 1
  58 0022 00BF     		nop
  59 0024 0C37     		adds	r7, r7, #12
  60              	.LCFI3:
  61              		.cfi_def_cfa_offset 4
  62 0026 BD46     		mov	sp, r7
  63              	.LCFI4:
  64              		.cfi_def_cfa_register 13
  65              		@ sp needed
  66 0028 80BC     		pop	{r7}
  67              	.LCFI5:
  68              		.cfi_restore 7
  69              		.cfi_def_cfa_offset 0
  70 002a 7047     		bx	lr
  71              	.L3:
  72              		.align	2
  73              	.L2:
  74 002c 00000140 		.word	1073807360
  75              		.cfi_endproc
  76              	.LFE65:
  78              		.text
  79              	.Letext0:
  80              		.file 2 "c:\\program files\\gnu tools arm embedded patched 64\\8.2.1-1.2-20190119-1237\\arm-none-e
  81              		.file 3 "c:\\program files\\gnu tools arm embedded patched 64\\8.2.1-1.2-20190119-1237\\arm-none-e
ARM GAS  C:\Users\Alex\AppData\Local\Temp\ccVb5Lrs.s 			page 3


  82              		.file 4 "Drivers/CMSIS/Include/core_cm3.h"
  83              		.file 5 "Drivers/CMSIS/Device/ST/STM32F1xx/Include/system_stm32f1xx.h"
  84              		.file 6 "Drivers/CMSIS/Device/ST/STM32F1xx/Include/stm32f103xb.h"
  85              		.file 7 "Drivers/STM32F1xx_HAL_Driver/Inc/stm32f1xx_hal.h"
ARM GAS  C:\Users\Alex\AppData\Local\Temp\ccVb5Lrs.s 			page 4


DEFINED SYMBOLS
                            *ABS*:0000000000000000 sys.c
C:\Users\Alex\AppData\Local\Temp\ccVb5Lrs.s:16     .text.MX_SYS_Init:0000000000000000 $t
C:\Users\Alex\AppData\Local\Temp\ccVb5Lrs.s:24     .text.MX_SYS_Init:0000000000000000 MX_SYS_Init
C:\Users\Alex\AppData\Local\Temp\ccVb5Lrs.s:74     .text.MX_SYS_Init:000000000000002c $d

NO UNDEFINED SYMBOLS
